<?xml version="1.0" encoding="UTF-8"?>
<testsuite xmlns:xsi="http://www.w3.org/2001/XMLSchema-instance" xsi:noNamespaceSchemaLocation="https://maven.apache.org/surefire/maven-surefire-plugin/xsd/surefire-test-report-3.0.xsd" version="3.0" name="com.iut.AccountServiceTest" time="0.261" tests="10" errors="0" skipped="0" failures="0">
  <properties>
[...]
</properties>
  <testcase name="transferTest" classname="com.iut.AccountServiceTest" time="0.146"/>
  <testcase name="getBalanceTest" classname="com.iut.AccountServiceTest" time="0.002"/>
  <testcase name="depositTest" classname="com.iut.AccountServiceTest" time="0.002"/>
  <testcase name="accountConstructorAndToStringTest" classname="com.iut.AccountServiceTest" time="0.003"/>
  <testcase name="getAllAccountsTest" classname="com.iut.AccountServiceTest" time="0.003"/>
  <testcase name="deleteAccountTest" classname="com.iut.AccountServiceTest" time="0.004"/>
  <testcase name="existsAndGetAccountTest" classname="com.iut.AccountServiceTest" time="0.001"/>
  <testcase name="createAccountTest" classname="com.iut.AccountServiceTest" time="0.002"/>
  <testcase name="withdrawTest" classname="com.iut.AccountServiceTest" time="0.003"/>
  <testcase name="updateNonexistentAccountTest" classname="com.iut.AccountServiceTest" time="0.001"/>
</testsuite>